0 verbose cli /home/aleksei_gurianov/.asdf/installs/nodejs/20.18.0/bin/node /home/aleksei_gurianov/.asdf/installs/nodejs/20.18.0/bin/npm
1 info using npm@10.9.0
2 info using node@v20.18.0
3 timing npm:load:whichnode Completed in 2ms
4 silly config load:file:/home/aleksei_gurianov/.asdf/installs/nodejs/20.18.0/lib/node_modules/npm/npmrc
5 silly config load:file:/home/aleksei_gurianov/ws/test-npm-issue/.npmrc
6 silly config load:file:/home/aleksei_gurianov/.npmrc
7 silly config load:file:/home/aleksei_gurianov/.asdf/installs/nodejs/20.18.0/etc/npmrc
8 timing npm:load:configload Completed in 10ms
9 timing config:load:flatten Completed in 2ms
10 timing npm:load:mkdirpcache Completed in 1ms
11 timing npm:load:mkdirplogs Completed in 0ms
12 verbose title npm install
13 verbose argv "install" "--loglevel" "verbose" "--timing" "--loglevel" "silly"
14 timing npm:load:setTitle Completed in 1ms
15 verbose logfile logs-max:10 dir:/home/aleksei_gurianov/.npm/_logs/2024-11-09T13_37_57_921Z-
16 verbose logfile /home/aleksei_gurianov/.npm/_logs/2024-11-09T13_37_57_921Z-debug-0.log
17 timing npm:load Completed in 34ms
18 silly logfile start cleaning logs, removing 1 files
19 silly packumentCache heap:4345298944 maxSize:1086324736 maxEntrySize:543162368
20 timing arborist:ctor Completed in 1ms
21 silly logfile done cleaning log files
22 timing arborist:ctor Completed in 0ms
23 timing idealTree:init Completed in 14ms
24 timing idealTree:userRequests Completed in 0ms
25 silly idealTree buildDeps
26 silly fetch manifest express@^4.18.0
27 silly packumentCache full:https://registry.npmjs.org/express cache-miss
28 http fetch GET 200 https://registry.npmjs.org/express 520ms (cache miss)
29 silly packumentCache full:https://registry.npmjs.org/express set size:undefined disposed:false
30 silly fetch manifest @nonexistent/package1@^1.0.0
31 silly packumentCache full:https://registry.npmjs.org/@nonexistent%2fpackage1 cache-miss
32 http fetch GET 404 https://registry.npmjs.org/@nonexistent%2fpackage1 667ms (cache skip)
33 silly fetch manifest @nonexistent/package2@^1.0.0
34 silly packumentCache full:https://registry.npmjs.org/@nonexistent%2fpackage2 cache-miss
35 http fetch GET 404 https://registry.npmjs.org/@nonexistent%2fpackage2 623ms (cache skip)
36 silly placeDep ROOT @nonexistent/package1@ OK for: npm-hang-repro@1.0.0 want: ^1.0.0
37 silly placeDep ROOT @nonexistent/package2@ OK for: npm-hang-repro@1.0.0 want: ^1.0.0
38 silly placeDep ROOT express@4.21.1 OK for: npm-hang-repro@1.0.0 want: ^4.18.0
39 silly fetch manifest qs@6.13.0
40 silly packumentCache full:https://registry.npmjs.org/qs cache-miss
41 silly fetch manifest depd@2.0.0
42 silly packumentCache full:https://registry.npmjs.org/depd cache-miss
43 silly fetch manifest etag@~1.8.1
44 silly packumentCache full:https://registry.npmjs.org/etag cache-miss
45 silly fetch manifest send@0.19.0
46 silly packumentCache full:https://registry.npmjs.org/send cache-miss
47 silly fetch manifest vary@~1.1.2
48 silly packumentCache full:https://registry.npmjs.org/vary cache-miss
49 silly fetch manifest debug@2.6.9
50 silly packumentCache full:https://registry.npmjs.org/debug cache-miss
51 silly fetch manifest fresh@0.5.2
52 silly packumentCache full:https://registry.npmjs.org/fresh cache-miss
53 silly fetch manifest cookie@0.7.1
54 silly packumentCache full:https://registry.npmjs.org/cookie cache-miss
55 silly fetch manifest accepts@~1.3.8
56 silly packumentCache full:https://registry.npmjs.org/accepts cache-miss
57 silly fetch manifest methods@~1.1.2
58 silly packumentCache full:https://registry.npmjs.org/methods cache-miss
59 silly fetch manifest type-is@~1.6.18
60 silly packumentCache full:https://registry.npmjs.org/type-is cache-miss
61 silly fetch manifest parseurl@~1.3.3
62 silly packumentCache full:https://registry.npmjs.org/parseurl cache-miss
63 silly fetch manifest statuses@2.0.1
64 silly packumentCache full:https://registry.npmjs.org/statuses cache-miss
65 silly fetch manifest encodeurl@~2.0.0
66 silly packumentCache full:https://registry.npmjs.org/encodeurl cache-miss
67 silly fetch manifest proxy-addr@~2.0.7
68 silly packumentCache full:https://registry.npmjs.org/proxy-addr cache-miss
69 http fetch GET 200 https://registry.npmjs.org/qs 179ms (cache miss)
70 silly packumentCache full:https://registry.npmjs.org/qs set size:undefined disposed:false
71 silly fetch manifest body-parser@1.20.3
72 silly packumentCache full:https://registry.npmjs.org/body-parser cache-miss
73 http fetch GET 200 https://registry.npmjs.org/body-parser 115ms (cache miss)
74 silly packumentCache full:https://registry.npmjs.org/body-parser set size:undefined disposed:false
75 silly fetch manifest escape-html@~1.0.3
76 silly packumentCache full:https://registry.npmjs.org/escape-html cache-miss
77 http fetch GET 200 https://registry.npmjs.org/depd 342ms (cache miss)
78 silly packumentCache full:https://registry.npmjs.org/depd set size:undefined disposed:false
79 silly fetch manifest http-errors@2.0.0
80 silly packumentCache full:https://registry.npmjs.org/http-errors cache-miss
81 http fetch GET 200 https://registry.npmjs.org/etag 346ms (cache miss)
82 silly packumentCache full:https://registry.npmjs.org/etag set size:undefined disposed:false
83 silly fetch manifest on-finished@2.4.1
84 silly packumentCache full:https://registry.npmjs.org/on-finished cache-miss
85 http fetch GET 200 https://registry.npmjs.org/vary 393ms (cache miss)
86 silly packumentCache full:https://registry.npmjs.org/vary set size:undefined disposed:false
87 silly fetch manifest safe-buffer@5.2.1
88 silly packumentCache full:https://registry.npmjs.org/safe-buffer cache-miss
89 http fetch GET 200 https://registry.npmjs.org/fresh 399ms (cache miss)
90 silly packumentCache full:https://registry.npmjs.org/fresh set size:undefined disposed:false
91 silly fetch manifest utils-merge@1.0.1
92 silly packumentCache full:https://registry.npmjs.org/utils-merge cache-miss
93 http fetch GET 200 https://registry.npmjs.org/statuses 401ms (cache miss)
94 silly packumentCache full:https://registry.npmjs.org/statuses set size:undefined disposed:false
95 silly fetch manifest content-type@~1.0.4
96 silly packumentCache full:https://registry.npmjs.org/content-type cache-miss
97 http fetch GET 200 https://registry.npmjs.org/accepts 412ms (cache miss)
98 silly packumentCache full:https://registry.npmjs.org/accepts set size:undefined disposed:false
99 silly fetch manifest finalhandler@1.3.1
100 silly packumentCache full:https://registry.npmjs.org/finalhandler cache-miss
101 http fetch GET 200 https://registry.npmjs.org/cookie 420ms (cache miss)
102 silly packumentCache full:https://registry.npmjs.org/cookie set size:undefined disposed:false
103 silly fetch manifest range-parser@~1.2.1
104 silly packumentCache full:https://registry.npmjs.org/range-parser cache-miss
105 http fetch GET 200 https://registry.npmjs.org/parseurl 419ms (cache miss)
106 silly packumentCache full:https://registry.npmjs.org/parseurl set size:undefined disposed:false
107 silly fetch manifest serve-static@1.16.2
108 silly packumentCache full:https://registry.npmjs.org/serve-static cache-miss
109 http fetch GET 200 https://registry.npmjs.org/send 430ms (cache miss)
110 silly packumentCache full:https://registry.npmjs.org/send set size:undefined disposed:false
111 silly fetch manifest array-flatten@1.1.1
112 silly packumentCache full:https://registry.npmjs.org/array-flatten cache-miss
113 http fetch GET 200 https://registry.npmjs.org/escape-html 134ms (cache miss)
114 silly packumentCache full:https://registry.npmjs.org/escape-html set size:undefined disposed:false
115 silly fetch manifest path-to-regexp@0.1.10
116 silly packumentCache full:https://registry.npmjs.org/path-to-regexp cache-miss
117 http fetch GET 200 https://registry.npmjs.org/proxy-addr 430ms (cache miss)
118 silly packumentCache full:https://registry.npmjs.org/proxy-addr set size:undefined disposed:false
119 silly fetch manifest setprototypeof@1.2.0
120 silly packumentCache full:https://registry.npmjs.org/setprototypeof cache-miss
121 http fetch GET 200 https://registry.npmjs.org/type-is 437ms (cache miss)
122 silly packumentCache full:https://registry.npmjs.org/type-is set size:undefined disposed:false
123 silly fetch manifest cookie-signature@1.0.6
124 silly packumentCache full:https://registry.npmjs.org/cookie-signature cache-miss
125 http fetch GET 200 https://registry.npmjs.org/encodeurl 443ms (cache miss)
126 silly packumentCache full:https://registry.npmjs.org/encodeurl set size:undefined disposed:false
127 silly fetch manifest merge-descriptors@1.0.3
128 silly packumentCache full:https://registry.npmjs.org/merge-descriptors cache-miss
129 http fetch GET 200 https://registry.npmjs.org/debug 458ms (cache miss)
130 silly packumentCache full:https://registry.npmjs.org/debug set size:undefined disposed:false
131 silly fetch manifest content-disposition@0.5.4
132 silly packumentCache full:https://registry.npmjs.org/content-disposition cache-miss
133 http fetch GET 200 https://registry.npmjs.org/methods 465ms (cache miss)
134 silly packumentCache full:https://registry.npmjs.org/methods set size:undefined disposed:false
135 http fetch GET 200 https://registry.npmjs.org/on-finished 124ms (cache miss)
136 silly packumentCache full:https://registry.npmjs.org/on-finished set size:undefined disposed:false
137 http fetch GET 200 https://registry.npmjs.org/http-errors 129ms (cache miss)
138 silly packumentCache full:https://registry.npmjs.org/http-errors set size:undefined disposed:false
139 http fetch GET 200 https://registry.npmjs.org/utils-merge 115ms (cache miss)
140 silly packumentCache full:https://registry.npmjs.org/utils-merge set size:undefined disposed:false
141 http fetch GET 200 https://registry.npmjs.org/finalhandler 105ms (cache miss)
142 silly packumentCache full:https://registry.npmjs.org/finalhandler set size:undefined disposed:false
143 http fetch GET 200 https://registry.npmjs.org/safe-buffer 131ms (cache miss)
144 silly packumentCache full:https://registry.npmjs.org/safe-buffer set size:undefined disposed:false
145 http fetch GET 200 https://registry.npmjs.org/range-parser 103ms (cache miss)
146 silly packumentCache full:https://registry.npmjs.org/range-parser set size:undefined disposed:false
147 http fetch GET 200 https://registry.npmjs.org/content-type 117ms (cache miss)
148 silly packumentCache full:https://registry.npmjs.org/content-type set size:undefined disposed:false
149 http fetch GET 200 https://registry.npmjs.org/array-flatten 136ms (cache miss)
150 silly packumentCache full:https://registry.npmjs.org/array-flatten set size:undefined disposed:false
151 http fetch GET 200 https://registry.npmjs.org/cookie-signature 127ms (cache miss)
152 silly packumentCache full:https://registry.npmjs.org/cookie-signature set size:undefined disposed:false
153 http fetch GET 200 https://registry.npmjs.org/merge-descriptors 119ms (cache miss)
154 silly packumentCache full:https://registry.npmjs.org/merge-descriptors set size:undefined disposed:false
155 http fetch GET 200 https://registry.npmjs.org/setprototypeof 134ms (cache miss)
156 silly packumentCache full:https://registry.npmjs.org/setprototypeof set size:undefined disposed:false
157 http fetch GET 200 https://registry.npmjs.org/content-disposition 116ms (cache miss)
158 silly packumentCache full:https://registry.npmjs.org/content-disposition set size:undefined disposed:false
159 http fetch GET 200 https://registry.npmjs.org/serve-static 152ms (cache miss)
160 silly packumentCache full:https://registry.npmjs.org/serve-static set size:undefined disposed:false
161 http fetch GET 200 https://registry.npmjs.org/path-to-regexp 149ms (cache miss)
162 silly packumentCache full:https://registry.npmjs.org/path-to-regexp set size:undefined disposed:false
163 timing idealTree:#root Completed in 2444ms
164 timing idealTree:node_modules/@nonexistent/package1 Completed in 0ms
165 timing idealTree:node_modules/@nonexistent/package2 Completed in 0ms
166 silly placeDep ROOT accepts@1.3.8 OK for: express@4.21.1 want: ~1.3.8
167 silly placeDep ROOT array-flatten@1.1.1 OK for: express@4.21.1 want: 1.1.1
168 silly placeDep ROOT body-parser@1.20.3 OK for: express@4.21.1 want: 1.20.3
169 silly placeDep ROOT content-disposition@0.5.4 OK for: express@4.21.1 want: 0.5.4
170 silly placeDep ROOT content-type@1.0.5 OK for: express@4.21.1 want: ~1.0.4
171 silly placeDep ROOT cookie@0.7.1 OK for: express@4.21.1 want: 0.7.1
172 silly placeDep ROOT cookie-signature@1.0.6 OK for: express@4.21.1 want: 1.0.6
173 silly placeDep ROOT debug@2.6.9 OK for: express@4.21.1 want: 2.6.9
174 silly placeDep ROOT depd@2.0.0 OK for: express@4.21.1 want: 2.0.0
175 silly placeDep ROOT encodeurl@2.0.0 OK for: express@4.21.1 want: ~2.0.0
176 silly placeDep ROOT escape-html@1.0.3 OK for: express@4.21.1 want: ~1.0.3
177 silly placeDep ROOT etag@1.8.1 OK for: express@4.21.1 want: ~1.8.1
178 silly placeDep ROOT finalhandler@1.3.1 OK for: express@4.21.1 want: 1.3.1
179 silly placeDep ROOT fresh@0.5.2 OK for: express@4.21.1 want: 0.5.2
180 silly placeDep ROOT http-errors@2.0.0 OK for: express@4.21.1 want: 2.0.0
181 silly placeDep ROOT merge-descriptors@1.0.3 OK for: express@4.21.1 want: 1.0.3
182 silly placeDep ROOT methods@1.1.2 OK for: express@4.21.1 want: ~1.1.2
183 silly placeDep ROOT on-finished@2.4.1 OK for: express@4.21.1 want: 2.4.1
184 silly placeDep ROOT parseurl@1.3.3 OK for: express@4.21.1 want: ~1.3.3
185 silly placeDep ROOT path-to-regexp@0.1.10 OK for: express@4.21.1 want: 0.1.10
186 silly placeDep ROOT proxy-addr@2.0.7 OK for: express@4.21.1 want: ~2.0.7
187 silly placeDep ROOT qs@6.13.0 OK for: express@4.21.1 want: 6.13.0
188 silly placeDep ROOT range-parser@1.2.1 OK for: express@4.21.1 want: ~1.2.1
189 silly placeDep ROOT safe-buffer@5.2.1 OK for: express@4.21.1 want: 5.2.1
190 silly placeDep ROOT send@0.19.0 OK for: express@4.21.1 want: 0.19.0
191 silly placeDep ROOT serve-static@1.16.2 OK for: express@4.21.1 want: 1.16.2
192 silly placeDep ROOT setprototypeof@1.2.0 OK for: express@4.21.1 want: 1.2.0
193 silly placeDep ROOT statuses@2.0.1 OK for: express@4.21.1 want: 2.0.1
194 silly placeDep ROOT type-is@1.6.18 OK for: express@4.21.1 want: ~1.6.18
195 silly placeDep ROOT utils-merge@1.0.1 OK for: express@4.21.1 want: 1.0.1
196 silly placeDep ROOT vary@1.1.2 OK for: express@4.21.1 want: ~1.1.2
197 silly fetch manifest mime-types@~2.1.34
198 silly packumentCache full:https://registry.npmjs.org/mime-types cache-miss
199 silly fetch manifest negotiator@0.6.3
200 silly packumentCache full:https://registry.npmjs.org/negotiator cache-miss
201 silly fetch manifest bytes@3.1.2
202 silly packumentCache full:https://registry.npmjs.org/bytes cache-miss
203 silly fetch manifest unpipe@1.0.0
204 silly packumentCache full:https://registry.npmjs.org/unpipe cache-miss
205 silly fetch manifest destroy@1.2.0
206 silly packumentCache full:https://registry.npmjs.org/destroy cache-miss
207 silly fetch manifest raw-body@2.5.2
208 silly packumentCache full:https://registry.npmjs.org/raw-body cache-miss
209 silly fetch manifest iconv-lite@0.4.24
210 silly packumentCache full:https://registry.npmjs.org/iconv-lite cache-miss
211 silly fetch manifest content-type@~1.0.5
212 silly packumentCache full:https://registry.npmjs.org/content-type cache-miss
213 silly fetch manifest ms@2.0.0
214 silly packumentCache full:https://registry.npmjs.org/ms cache-miss
215 silly fetch manifest unpipe@~1.0.0
216 silly packumentCache full:https://registry.npmjs.org/unpipe cache-miss
217 silly fetch manifest inherits@2.0.4
218 silly packumentCache full:https://registry.npmjs.org/inherits cache-miss
219 silly fetch manifest toidentifier@1.0.1
220 silly packumentCache full:https://registry.npmjs.org/toidentifier cache-miss
221 silly fetch manifest ee-first@1.1.1
222 silly packumentCache full:https://registry.npmjs.org/ee-first cache-miss
223 silly fetch manifest forwarded@0.2.0
224 silly packumentCache full:https://registry.npmjs.org/forwarded cache-miss
225 silly fetch manifest ipaddr.js@1.9.1
226 silly packumentCache full:https://registry.npmjs.org/ipaddr.js cache-miss
227 http fetch GET 200 https://registry.npmjs.org/content-type 27ms (cache hit)
228 silly packumentCache full:https://registry.npmjs.org/content-type set size:17251 disposed:false
229 silly fetch manifest side-channel@^1.0.6
230 silly packumentCache full:https://registry.npmjs.org/side-channel cache-miss
231 http fetch GET 200 https://registry.npmjs.org/unpipe 157ms (cache miss)
232 silly packumentCache full:https://registry.npmjs.org/unpipe set size:undefined disposed:false
233 silly fetch manifest ms@2.1.3
234 silly packumentCache full:https://registry.npmjs.org/ms cache-miss
235 http fetch GET 200 https://registry.npmjs.org/ee-first 156ms (cache miss)
236 silly packumentCache full:https://registry.npmjs.org/ee-first set size:undefined disposed:false
237 silly fetch manifest mime@1.6.0
238 silly packumentCache full:https://registry.npmjs.org/mime cache-miss
239 http fetch GET 200 https://registry.npmjs.org/forwarded 157ms (cache miss)
240 silly packumentCache full:https://registry.npmjs.org/forwarded set size:undefined disposed:false
241 silly fetch manifest destroy@1.2.0
242 silly packumentCache full:https://registry.npmjs.org/destroy cache-miss
243 http fetch GET 200 https://registry.npmjs.org/toidentifier 162ms (cache miss)
244 silly packumentCache full:https://registry.npmjs.org/toidentifier set size:undefined disposed:false
245 silly fetch manifest encodeurl@~1.0.2
246 silly packumentCache full:https://registry.npmjs.org/encodeurl cache-miss
247 http fetch GET 200 https://registry.npmjs.org/unpipe 172ms (cache miss)
248 silly packumentCache full:https://registry.npmjs.org/unpipe set size:undefined disposed:false
249 silly fetch manifest mime-types@~2.1.24
250 silly packumentCache full:https://registry.npmjs.org/mime-types cache-miss
251 http fetch GET 200 https://registry.npmjs.org/inherits 169ms (cache miss)
252 silly packumentCache full:https://registry.npmjs.org/inherits set size:undefined disposed:false
253 silly fetch manifest media-typer@0.3.0
254 silly packumentCache full:https://registry.npmjs.org/media-typer cache-miss
255 http fetch GET 200 https://registry.npmjs.org/destroy 177ms (cache miss)
256 silly packumentCache full:https://registry.npmjs.org/destroy set size:undefined disposed:false
257 http fetch GET 200 https://registry.npmjs.org/bytes 180ms (cache miss)
258 silly packumentCache full:https://registry.npmjs.org/bytes set size:undefined disposed:false
259 http fetch GET 200 https://registry.npmjs.org/side-channel 152ms (cache miss)
260 silly packumentCache full:https://registry.npmjs.org/side-channel set size:undefined disposed:false
261 http fetch GET 200 https://registry.npmjs.org/ms 180ms (cache miss)
262 silly packumentCache full:https://registry.npmjs.org/ms set size:undefined disposed:false
263 http fetch GET 200 https://registry.npmjs.org/negotiator 188ms (cache miss)
264 silly packumentCache full:https://registry.npmjs.org/negotiator set size:undefined disposed:false
265 http fetch GET 200 https://registry.npmjs.org/ipaddr.js 179ms (cache miss)
266 silly packumentCache full:https://registry.npmjs.org/ipaddr.js set size:undefined disposed:false
267 http fetch GET 200 https://registry.npmjs.org/raw-body 193ms (cache miss)
268 silly packumentCache full:https://registry.npmjs.org/raw-body set size:undefined disposed:false
269 http fetch GET 200 https://registry.npmjs.org/destroy 29ms (cache hit)
270 silly packumentCache full:https://registry.npmjs.org/destroy set size:15683 disposed:false
271 http fetch GET 200 https://registry.npmjs.org/encodeurl 25ms (cache hit)
272 silly packumentCache full:https://registry.npmjs.org/encodeurl set size:12296 disposed:false
273 http fetch GET 200 https://registry.npmjs.org/mime-types 202ms (cache miss)
274 silly packumentCache full:https://registry.npmjs.org/mime-types set size:undefined disposed:false
275 http fetch GET 200 https://registry.npmjs.org/iconv-lite 202ms (cache miss)
276 silly packumentCache full:https://registry.npmjs.org/iconv-lite set size:undefined disposed:false
277 http fetch GET 200 https://registry.npmjs.org/ms 121ms (cache miss)
278 silly packumentCache full:https://registry.npmjs.org/ms set size:undefined disposed:false
279 http fetch GET 200 https://registry.npmjs.org/mime 123ms (cache miss)
280 silly packumentCache full:https://registry.npmjs.org/mime set size:undefined disposed:false
281 http fetch GET 200 https://registry.npmjs.org/media-typer 115ms (cache miss)
282 silly packumentCache full:https://registry.npmjs.org/media-typer set size:undefined disposed:false
283 http fetch GET 200 https://registry.npmjs.org/mime-types 120ms (cache miss)
284 silly packumentCache full:https://registry.npmjs.org/mime-types set size:undefined disposed:false
285 timing idealTree:node_modules/express Completed in 364ms
286 silly placeDep ROOT mime-types@2.1.35 OK for: accepts@1.3.8 want: ~2.1.34
287 silly placeDep ROOT negotiator@0.6.3 OK for: accepts@1.3.8 want: 0.6.3
288 silly fetch manifest mime-db@1.52.0
289 silly packumentCache full:https://registry.npmjs.org/mime-db cache-miss
290 http fetch GET 200 https://registry.npmjs.org/mime-db 109ms (cache miss)
291 silly packumentCache full:https://registry.npmjs.org/mime-db set size:undefined disposed:false
292 timing idealTree:node_modules/accepts Completed in 115ms
293 timing idealTree:node_modules/array-flatten Completed in 0ms
294 silly placeDep ROOT bytes@3.1.2 OK for: body-parser@1.20.3 want: 3.1.2
295 silly placeDep ROOT destroy@1.2.0 OK for: body-parser@1.20.3 want: 1.2.0
296 silly placeDep ROOT iconv-lite@0.4.24 OK for: body-parser@1.20.3 want: 0.4.24
297 silly placeDep ROOT raw-body@2.5.2 OK for: body-parser@1.20.3 want: 2.5.2
298 silly placeDep ROOT unpipe@1.0.0 OK for: body-parser@1.20.3 want: 1.0.0
299 silly fetch manifest safer-buffer@>= 2.1.2 < 3
300 silly packumentCache full:https://registry.npmjs.org/safer-buffer cache-miss
301 http fetch GET 200 https://registry.npmjs.org/safer-buffer 110ms (cache miss)
302 silly packumentCache full:https://registry.npmjs.org/safer-buffer set size:undefined disposed:false
303 timing idealTree:node_modules/body-parser Completed in 118ms
304 timing idealTree:node_modules/bytes Completed in 0ms
305 timing idealTree:node_modules/content-disposition Completed in 0ms
306 timing idealTree:node_modules/content-type Completed in 0ms
307 timing idealTree:node_modules/cookie Completed in 0ms
308 timing idealTree:node_modules/cookie-signature Completed in 0ms
309 silly placeDep ROOT ms@2.0.0 OK for: debug@2.6.9 want: 2.0.0
310 timing idealTree:node_modules/debug Completed in 2ms
311 timing idealTree:node_modules/depd Completed in 0ms
312 timing idealTree:node_modules/destroy Completed in 0ms
313 timing idealTree:node_modules/encodeurl Completed in 0ms
314 timing idealTree:node_modules/escape-html Completed in 0ms
315 timing idealTree:node_modules/etag Completed in 0ms
316 timing idealTree:node_modules/finalhandler Completed in 0ms
317 timing idealTree:node_modules/fresh Completed in 0ms
318 silly placeDep ROOT inherits@2.0.4 OK for: http-errors@2.0.0 want: 2.0.4
319 silly placeDep ROOT toidentifier@1.0.1 OK for: http-errors@2.0.0 want: 1.0.1
320 timing idealTree:node_modules/http-errors Completed in 4ms
321 silly placeDep ROOT safer-buffer@2.1.2 OK for: iconv-lite@0.4.24 want: >= 2.1.2 < 3
322 timing idealTree:node_modules/iconv-lite Completed in 2ms
323 timing idealTree:node_modules/inherits Completed in 0ms
324 timing idealTree:node_modules/merge-descriptors Completed in 0ms
325 timing idealTree:node_modules/methods Completed in 0ms
326 silly placeDep ROOT mime-db@1.52.0 OK for: mime-types@2.1.35 want: 1.52.0
327 timing idealTree:node_modules/mime-types Completed in 2ms
328 timing idealTree:node_modules/mime-db Completed in 0ms
329 timing idealTree:node_modules/ms Completed in 0ms
330 timing idealTree:node_modules/negotiator Completed in 0ms
331 silly placeDep ROOT ee-first@1.1.1 OK for: on-finished@2.4.1 want: 1.1.1
332 timing idealTree:node_modules/on-finished Completed in 2ms
333 timing idealTree:node_modules/ee-first Completed in 0ms
334 timing idealTree:node_modules/parseurl Completed in 0ms
335 timing idealTree:node_modules/path-to-regexp Completed in 0ms
336 silly placeDep ROOT forwarded@0.2.0 OK for: proxy-addr@2.0.7 want: 0.2.0
337 silly placeDep ROOT ipaddr.js@1.9.1 OK for: proxy-addr@2.0.7 want: 1.9.1
338 timing idealTree:node_modules/proxy-addr Completed in 4ms
339 timing idealTree:node_modules/forwarded Completed in 0ms
340 timing idealTree:node_modules/ipaddr.js Completed in 0ms
341 silly placeDep ROOT side-channel@1.0.6 OK for: qs@6.13.0 want: ^1.0.6
342 silly fetch manifest call-bind@^1.0.7
343 silly packumentCache full:https://registry.npmjs.org/call-bind cache-miss
344 silly fetch manifest es-errors@^1.3.0
345 silly packumentCache full:https://registry.npmjs.org/es-errors cache-miss
346 silly fetch manifest get-intrinsic@^1.2.4
347 silly packumentCache full:https://registry.npmjs.org/get-intrinsic cache-miss
348 silly fetch manifest object-inspect@^1.13.1
349 silly packumentCache full:https://registry.npmjs.org/object-inspect cache-miss
350 http fetch GET 200 https://registry.npmjs.org/call-bind 121ms (cache miss)
351 silly packumentCache full:https://registry.npmjs.org/call-bind set size:undefined disposed:false
352 http fetch GET 200 https://registry.npmjs.org/get-intrinsic 123ms (cache miss)
353 silly packumentCache full:https://registry.npmjs.org/get-intrinsic set size:undefined disposed:false
354 http fetch GET 200 https://registry.npmjs.org/object-inspect 126ms (cache miss)
355 silly packumentCache full:https://registry.npmjs.org/object-inspect set size:undefined disposed:false
356 http fetch GET 200 https://registry.npmjs.org/es-errors 165ms (cache miss)
357 silly packumentCache full:https://registry.npmjs.org/es-errors set size:undefined disposed:false
358 timing idealTree:node_modules/qs Completed in 172ms
359 timing idealTree:node_modules/range-parser Completed in 0ms
360 timing idealTree:node_modules/raw-body Completed in 0ms
361 timing idealTree:node_modules/safe-buffer Completed in 0ms
362 timing idealTree:node_modules/safer-buffer Completed in 0ms
363 silly placeDep node_modules/send encodeurl@1.0.2 OK for: send@0.19.0 want: ~1.0.2
364 silly placeDep ROOT mime@1.6.0 OK for: send@0.19.0 want: 1.6.0
365 silly placeDep node_modules/send ms@2.1.3 OK for: send@0.19.0 want: 2.1.3
366 timing idealTree:node_modules/send Completed in 8ms
367 timing idealTree:node_modules/mime Completed in 0ms
368 timing idealTree:node_modules/serve-static Completed in 0ms
369 timing idealTree:node_modules/setprototypeof Completed in 0ms
370 silly placeDep ROOT call-bind@1.0.7 OK for: side-channel@1.0.6 want: ^1.0.7
371 silly placeDep ROOT es-errors@1.3.0 OK for: side-channel@1.0.6 want: ^1.3.0
372 silly placeDep ROOT get-intrinsic@1.2.4 OK for: side-channel@1.0.6 want: ^1.2.4
373 silly placeDep ROOT object-inspect@1.13.3 OK for: side-channel@1.0.6 want: ^1.13.1
374 silly fetch manifest es-define-property@^1.0.0
375 silly packumentCache full:https://registry.npmjs.org/es-define-property cache-miss
376 silly fetch manifest function-bind@^1.1.2
377 silly packumentCache full:https://registry.npmjs.org/function-bind cache-miss
378 silly fetch manifest set-function-length@^1.2.1
379 silly packumentCache full:https://registry.npmjs.org/set-function-length cache-miss
380 silly fetch manifest function-bind@^1.1.2
381 silly packumentCache full:https://registry.npmjs.org/function-bind cache-miss
382 silly fetch manifest has-proto@^1.0.1
383 silly packumentCache full:https://registry.npmjs.org/has-proto cache-miss
384 silly fetch manifest has-symbols@^1.0.3
385 silly packumentCache full:https://registry.npmjs.org/has-symbols cache-miss
386 silly fetch manifest hasown@^2.0.0
387 silly packumentCache full:https://registry.npmjs.org/hasown cache-miss
388 http fetch GET 200 https://registry.npmjs.org/function-bind 117ms (cache miss)
389 silly packumentCache full:https://registry.npmjs.org/function-bind set size:undefined disposed:false
390 http fetch GET 200 https://registry.npmjs.org/function-bind 135ms (cache miss)
391 silly packumentCache full:https://registry.npmjs.org/function-bind set size:undefined disposed:false
392 http fetch GET 200 https://registry.npmjs.org/set-function-length 137ms (cache miss)
393 silly packumentCache full:https://registry.npmjs.org/set-function-length set size:undefined disposed:false
394 http fetch GET 200 https://registry.npmjs.org/es-define-property 142ms (cache miss)
395 silly packumentCache full:https://registry.npmjs.org/es-define-property set size:undefined disposed:false
396 http fetch GET 200 https://registry.npmjs.org/hasown 137ms (cache miss)
397 silly packumentCache full:https://registry.npmjs.org/hasown set size:undefined disposed:false
398 http fetch GET 200 https://registry.npmjs.org/has-proto 140ms (cache miss)
399 silly packumentCache full:https://registry.npmjs.org/has-proto set size:undefined disposed:false
400 http fetch GET 200 https://registry.npmjs.org/has-symbols 142ms (cache miss)
401 silly packumentCache full:https://registry.npmjs.org/has-symbols set size:undefined disposed:false
402 timing idealTree:node_modules/side-channel Completed in 158ms
403 silly placeDep ROOT es-define-property@1.0.0 OK for: call-bind@1.0.7 want: ^1.0.0
404 silly placeDep ROOT function-bind@1.1.2 OK for: call-bind@1.0.7 want: ^1.1.2
405 silly placeDep ROOT set-function-length@1.2.2 OK for: call-bind@1.0.7 want: ^1.2.1
406 silly fetch manifest define-data-property@^1.1.4
407 silly packumentCache full:https://registry.npmjs.org/define-data-property cache-miss
408 silly fetch manifest gopd@^1.0.1
409 silly packumentCache full:https://registry.npmjs.org/gopd cache-miss
410 silly fetch manifest has-property-descriptors@^1.0.2
411 silly packumentCache full:https://registry.npmjs.org/has-property-descriptors cache-miss
412 http fetch GET 200 https://registry.npmjs.org/gopd 115ms (cache miss)
413 silly packumentCache full:https://registry.npmjs.org/gopd set size:undefined disposed:false
414 http fetch GET 200 https://registry.npmjs.org/define-data-property 117ms (cache miss)
415 silly packumentCache full:https://registry.npmjs.org/define-data-property set size:undefined disposed:false
416 http fetch GET 200 https://registry.npmjs.org/has-property-descriptors 119ms (cache miss)
417 silly packumentCache full:https://registry.npmjs.org/has-property-descriptors set size:undefined disposed:false
418 timing idealTree:node_modules/call-bind Completed in 135ms
419 timing idealTree:node_modules/es-define-property Completed in 0ms
420 timing idealTree:node_modules/es-errors Completed in 0ms
421 timing idealTree:node_modules/function-bind Completed in 0ms
422 silly placeDep ROOT has-proto@1.0.3 OK for: get-intrinsic@1.2.4 want: ^1.0.1
423 silly placeDep ROOT has-symbols@1.0.3 OK for: get-intrinsic@1.2.4 want: ^1.0.3
424 silly placeDep ROOT hasown@2.0.2 OK for: get-intrinsic@1.2.4 want: ^2.0.0
425 timing idealTree:node_modules/get-intrinsic Completed in 4ms
426 timing idealTree:node_modules/has-proto Completed in 1ms
427 timing idealTree:node_modules/has-symbols Completed in 0ms
428 timing idealTree:node_modules/hasown Completed in 0ms
429 timing idealTree:node_modules/object-inspect Completed in 0ms
430 silly placeDep ROOT define-data-property@1.1.4 OK for: set-function-length@1.2.2 want: ^1.1.4
431 silly placeDep ROOT gopd@1.0.1 OK for: set-function-length@1.2.2 want: ^1.0.1
432 silly placeDep ROOT has-property-descriptors@1.0.2 OK for: set-function-length@1.2.2 want: ^1.0.2
433 timing idealTree:node_modules/set-function-length Completed in 7ms
434 timing idealTree:node_modules/define-data-property Completed in 0ms
435 timing idealTree:node_modules/gopd Completed in 0ms
436 timing idealTree:node_modules/has-property-descriptors Completed in 0ms
437 timing idealTree:node_modules/statuses Completed in 0ms
438 timing idealTree:node_modules/toidentifier Completed in 0ms
439 silly placeDep ROOT media-typer@0.3.0 OK for: type-is@1.6.18 want: 0.3.0
440 timing idealTree:node_modules/type-is Completed in 3ms
441 timing idealTree:node_modules/media-typer Completed in 0ms
442 timing idealTree:node_modules/unpipe Completed in 0ms
443 timing idealTree:node_modules/utils-merge Completed in 0ms
444 timing idealTree:node_modules/vary Completed in 0ms
445 timing idealTree:node_modules/send/node_modules/encodeurl Completed in 0ms
446 timing idealTree:node_modules/send/node_modules/ms Completed in 0ms
447 timing idealTree:buildDeps Completed in 3556ms
448 timing idealTree:fixDepFlags Completed in 2ms
449 timing idealTree Completed in 139988ms
450 timing reify:loadTrees Completed in 139989ms
451 timing reify:diffTrees Completed in 4ms
452 silly reify moves {}
453 timing reify:retireShallow Completed in 2ms
454 timing reify:createSparse Completed in 29ms
455 timing reify:loadBundles Completed in 0ms
456 silly audit bulk request {
456 silly audit   express: [ '4.21.1' ],
456 silly audit   accepts: [ '1.3.8' ],
456 silly audit   'array-flatten': [ '1.1.1' ],
456 silly audit   'body-parser': [ '1.20.3' ],
456 silly audit   'content-disposition': [ '0.5.4' ],
456 silly audit   'content-type': [ '1.0.5' ],
456 silly audit   cookie: [ '0.7.1' ],
456 silly audit   'cookie-signature': [ '1.0.6' ],
456 silly audit   debug: [ '2.6.9' ],
456 silly audit   depd: [ '2.0.0' ],
456 silly audit   encodeurl: [ '2.0.0', '1.0.2' ],
456 silly audit   'escape-html': [ '1.0.3' ],
456 silly audit   etag: [ '1.8.1' ],
456 silly audit   finalhandler: [ '1.3.1' ],
456 silly audit   fresh: [ '0.5.2' ],
456 silly audit   'http-errors': [ '2.0.0' ],
456 silly audit   'merge-descriptors': [ '1.0.3' ],
456 silly audit   methods: [ '1.1.2' ],
456 silly audit   'on-finished': [ '2.4.1' ],
456 silly audit   parseurl: [ '1.3.3' ],
456 silly audit   'path-to-regexp': [ '0.1.10' ],
456 silly audit   'proxy-addr': [ '2.0.7' ],
456 silly audit   qs: [ '6.13.0' ],
456 silly audit   'range-parser': [ '1.2.1' ],
456 silly audit   'safe-buffer': [ '5.2.1' ],
456 silly audit   send: [ '0.19.0' ],
456 silly audit   'serve-static': [ '1.16.2' ],
456 silly audit   setprototypeof: [ '1.2.0' ],
456 silly audit   statuses: [ '2.0.1' ],
456 silly audit   'type-is': [ '1.6.18' ],
456 silly audit   'utils-merge': [ '1.0.1' ],
456 silly audit   vary: [ '1.1.2' ],
456 silly audit   'mime-types': [ '2.1.35' ],
456 silly audit   negotiator: [ '0.6.3' ],
456 silly audit   bytes: [ '3.1.2' ],
456 silly audit   destroy: [ '1.2.0' ],
456 silly audit   'iconv-lite': [ '0.4.24' ],
456 silly audit   'raw-body': [ '2.5.2' ],
456 silly audit   unpipe: [ '1.0.0' ],
456 silly audit   ms: [ '2.0.0', '2.1.3' ],
456 silly audit   inherits: [ '2.0.4' ],
456 silly audit   toidentifier: [ '1.0.1' ],
456 silly audit   'safer-buffer': [ '2.1.2' ],
456 silly audit   'mime-db': [ '1.52.0' ],
456 silly audit   'ee-first': [ '1.1.1' ],
456 silly audit   forwarded: [ '0.2.0' ],
456 silly audit   'ipaddr.js': [ '1.9.1' ],
456 silly audit   'side-channel': [ '1.0.6' ],
456 silly audit   mime: [ '1.6.0' ],
456 silly audit   'call-bind': [ '1.0.7' ],
456 silly audit   'es-errors': [ '1.3.0' ],
456 silly audit   'get-intrinsic': [ '1.2.4' ],
456 silly audit   'object-inspect': [ '1.13.3' ],
456 silly audit   'es-define-property': [ '1.0.0' ],
456 silly audit   'function-bind': [ '1.1.2' ],
456 silly audit   'set-function-length': [ '1.2.2' ],
456 silly audit   'has-proto': [ '1.0.3' ],
456 silly audit   'has-symbols': [ '1.0.3' ],
456 silly audit   hasown: [ '2.0.2' ],
456 silly audit   'define-data-property': [ '1.1.4' ],
456 silly audit   gopd: [ '1.0.1' ],
456 silly audit   'has-property-descriptors': [ '1.0.2' ],
456 silly audit   'media-typer': [ '0.3.0' ]
456 silly audit }
457 silly tarball no local data for media-typer@https://registry.npmjs.org/media-typer/-/media-typer-0.3.0.tgz. Extracting by manifest.
458 silly tarball no local data for define-data-property@https://registry.npmjs.org/define-data-property/-/define-data-property-1.1.4.tgz. Extracting by manifest.
459 silly tarball no local data for has-property-descriptors@https://registry.npmjs.org/has-property-descriptors/-/has-property-descriptors-1.0.2.tgz. Extracting by manifest.
460 silly tarball no local data for has-proto@https://registry.npmjs.org/has-proto/-/has-proto-1.0.3.tgz. Extracting by manifest.
461 silly tarball no local data for has-symbols@https://registry.npmjs.org/has-symbols/-/has-symbols-1.0.3.tgz. Extracting by manifest.
462 silly tarball no local data for set-function-length@https://registry.npmjs.org/set-function-length/-/set-function-length-1.2.2.tgz. Extracting by manifest.
463 silly tarball no local data for hasown@https://registry.npmjs.org/hasown/-/hasown-2.0.2.tgz. Extracting by manifest.
464 silly tarball no local data for function-bind@https://registry.npmjs.org/function-bind/-/function-bind-1.1.2.tgz. Extracting by manifest.
465 silly tarball no local data for gopd@https://registry.npmjs.org/gopd/-/gopd-1.0.1.tgz. Extracting by manifest.
466 silly tarball no local data for object-inspect@https://registry.npmjs.org/object-inspect/-/object-inspect-1.13.3.tgz. Extracting by manifest.
467 silly tarball no local data for get-intrinsic@https://registry.npmjs.org/get-intrinsic/-/get-intrinsic-1.2.4.tgz. Extracting by manifest.
468 silly tarball no local data for call-bind@https://registry.npmjs.org/call-bind/-/call-bind-1.0.7.tgz. Extracting by manifest.
469 silly tarball no local data for mime@https://registry.npmjs.org/mime/-/mime-1.6.0.tgz. Extracting by manifest.
470 silly tarball no local data for side-channel@https://registry.npmjs.org/side-channel/-/side-channel-1.0.6.tgz. Extracting by manifest.
471 silly tarball no local data for es-errors@https://registry.npmjs.org/es-errors/-/es-errors-1.3.0.tgz. Extracting by manifest.
472 silly tarball no local data for ipaddr.js@https://registry.npmjs.org/ipaddr.js/-/ipaddr.js-1.9.1.tgz. Extracting by manifest.
473 silly tarball no local data for es-define-property@https://registry.npmjs.org/es-define-property/-/es-define-property-1.0.0.tgz. Extracting by manifest.
474 silly tarball no local data for forwarded@https://registry.npmjs.org/forwarded/-/forwarded-0.2.0.tgz. Extracting by manifest.
475 silly tarball no local data for ee-first@https://registry.npmjs.org/ee-first/-/ee-first-1.1.1.tgz. Extracting by manifest.
476 silly tarball no local data for safer-buffer@https://registry.npmjs.org/safer-buffer/-/safer-buffer-2.1.2.tgz. Extracting by manifest.
477 silly tarball no local data for inherits@https://registry.npmjs.org/inherits/-/inherits-2.0.4.tgz. Extracting by manifest.
478 silly tarball no local data for mime-db@https://registry.npmjs.org/mime-db/-/mime-db-1.52.0.tgz. Extracting by manifest.
479 silly tarball no local data for toidentifier@https://registry.npmjs.org/toidentifier/-/toidentifier-1.0.1.tgz. Extracting by manifest.
480 silly tarball no local data for ms@https://registry.npmjs.org/ms/-/ms-2.0.0.tgz. Extracting by manifest.
481 silly tarball no local data for unpipe@https://registry.npmjs.org/unpipe/-/unpipe-1.0.0.tgz. Extracting by manifest.
482 silly tarball no local data for iconv-lite@https://registry.npmjs.org/iconv-lite/-/iconv-lite-0.4.24.tgz. Extracting by manifest.
483 silly tarball no local data for raw-body@https://registry.npmjs.org/raw-body/-/raw-body-2.5.2.tgz. Extracting by manifest.
484 silly tarball no local data for bytes@https://registry.npmjs.org/bytes/-/bytes-3.1.2.tgz. Extracting by manifest.
485 silly tarball no local data for destroy@https://registry.npmjs.org/destroy/-/destroy-1.2.0.tgz. Extracting by manifest.
486 silly tarball no local data for vary@https://registry.npmjs.org/vary/-/vary-1.1.2.tgz. Extracting by manifest.
487 silly tarball no local data for negotiator@https://registry.npmjs.org/negotiator/-/negotiator-0.6.3.tgz. Extracting by manifest.
488 silly tarball no local data for type-is@https://registry.npmjs.org/type-is/-/type-is-1.6.18.tgz. Extracting by manifest.
489 silly tarball no local data for mime-types@https://registry.npmjs.org/mime-types/-/mime-types-2.1.35.tgz. Extracting by manifest.
490 silly tarball no local data for statuses@https://registry.npmjs.org/statuses/-/statuses-2.0.1.tgz. Extracting by manifest.
491 silly tarball no local data for utils-merge@https://registry.npmjs.org/utils-merge/-/utils-merge-1.0.1.tgz. Extracting by manifest.
492 silly tarball no local data for setprototypeof@https://registry.npmjs.org/setprototypeof/-/setprototypeof-1.2.0.tgz. Extracting by manifest.
493 silly tarball no local data for send@https://registry.npmjs.org/send/-/send-0.19.0.tgz. Extracting by manifest.
494 silly tarball no local data for serve-static@https://registry.npmjs.org/serve-static/-/serve-static-1.16.2.tgz. Extracting by manifest.
495 silly tarball no local data for range-parser@https://registry.npmjs.org/range-parser/-/range-parser-1.2.1.tgz. Extracting by manifest.
496 silly tarball no local data for qs@https://registry.npmjs.org/qs/-/qs-6.13.0.tgz. Extracting by manifest.
497 silly tarball no local data for safe-buffer@https://registry.npmjs.org/safe-buffer/-/safe-buffer-5.2.1.tgz. Extracting by manifest.
498 silly tarball no local data for path-to-regexp@https://registry.npmjs.org/path-to-regexp/-/path-to-regexp-0.1.10.tgz. Extracting by manifest.
499 silly tarball no local data for proxy-addr@https://registry.npmjs.org/proxy-addr/-/proxy-addr-2.0.7.tgz. Extracting by manifest.
500 silly tarball no local data for methods@https://registry.npmjs.org/methods/-/methods-1.1.2.tgz. Extracting by manifest.
501 silly tarball no local data for parseurl@https://registry.npmjs.org/parseurl/-/parseurl-1.3.3.tgz. Extracting by manifest.
502 silly tarball no local data for http-errors@https://registry.npmjs.org/http-errors/-/http-errors-2.0.0.tgz. Extracting by manifest.
503 silly tarball no local data for on-finished@https://registry.npmjs.org/on-finished/-/on-finished-2.4.1.tgz. Extracting by manifest.
504 silly tarball no local data for fresh@https://registry.npmjs.org/fresh/-/fresh-0.5.2.tgz. Extracting by manifest.
505 silly tarball no local data for finalhandler@https://registry.npmjs.org/finalhandler/-/finalhandler-1.3.1.tgz. Extracting by manifest.
506 silly tarball no local data for etag@https://registry.npmjs.org/etag/-/etag-1.8.1.tgz. Extracting by manifest.
507 silly tarball no local data for encodeurl@https://registry.npmjs.org/encodeurl/-/encodeurl-2.0.0.tgz. Extracting by manifest.
508 silly tarball no local data for depd@https://registry.npmjs.org/depd/-/depd-2.0.0.tgz. Extracting by manifest.
509 silly tarball no local data for merge-descriptors@https://registry.npmjs.org/merge-descriptors/-/merge-descriptors-1.0.3.tgz. Extracting by manifest.
510 silly tarball no local data for escape-html@https://registry.npmjs.org/escape-html/-/escape-html-1.0.3.tgz. Extracting by manifest.
511 silly tarball no local data for debug@https://registry.npmjs.org/debug/-/debug-2.6.9.tgz. Extracting by manifest.
512 silly tarball no local data for cookie@https://registry.npmjs.org/cookie/-/cookie-0.7.1.tgz. Extracting by manifest.
513 silly tarball no local data for content-type@https://registry.npmjs.org/content-type/-/content-type-1.0.5.tgz. Extracting by manifest.
514 silly tarball no local data for body-parser@https://registry.npmjs.org/body-parser/-/body-parser-1.20.3.tgz. Extracting by manifest.
515 silly tarball no local data for content-disposition@https://registry.npmjs.org/content-disposition/-/content-disposition-0.5.4.tgz. Extracting by manifest.
516 silly tarball no local data for array-flatten@https://registry.npmjs.org/array-flatten/-/array-flatten-1.1.1.tgz. Extracting by manifest.
517 silly tarball no local data for cookie-signature@https://registry.npmjs.org/cookie-signature/-/cookie-signature-1.0.6.tgz. Extracting by manifest.
518 silly tarball no local data for express@https://registry.npmjs.org/express/-/express-4.21.1.tgz. Extracting by manifest.
519 silly tarball no local data for ms@https://registry.npmjs.org/ms/-/ms-2.1.3.tgz. Extracting by manifest.
520 silly tarball no local data for accepts@https://registry.npmjs.org/accepts/-/accepts-1.3.8.tgz. Extracting by manifest.
521 silly tarball no local data for encodeurl@https://registry.npmjs.org/encodeurl/-/encodeurl-1.0.2.tgz. Extracting by manifest.
522 http fetch POST 200 https://registry.npmjs.org/-/npm/v1/security/advisories/bulk 331ms
523 timing auditReport:getReport Completed in 341ms
524 silly audit report {}
525 timing auditReport:init Completed in 0ms
526 timing reify:audit Completed in 342ms
527 http fetch GET 200 https://registry.npmjs.org/gopd/-/gopd-1.0.1.tgz 288ms (cache miss)
528 timing reifyNode:node_modules/gopd Completed in 352ms
529 http fetch GET 200 https://registry.npmjs.org/media-typer/-/media-typer-0.3.0.tgz 301ms (cache miss)
530 timing reifyNode:node_modules/media-typer Completed in 354ms
531 http fetch GET 200 https://registry.npmjs.org/get-intrinsic/-/get-intrinsic-1.2.4.tgz 288ms (cache miss)
532 timing reifyNode:node_modules/get-intrinsic Completed in 353ms
533 http fetch GET 200 https://registry.npmjs.org/set-function-length/-/set-function-length-1.2.2.tgz 295ms (cache miss)
534 timing reifyNode:node_modules/set-function-length Completed in 355ms
535 http fetch GET 200 https://registry.npmjs.org/define-data-property/-/define-data-property-1.1.4.tgz 303ms (cache miss)
536 timing reifyNode:node_modules/define-data-property Completed in 358ms
537 http fetch GET 200 https://registry.npmjs.org/hasown/-/hasown-2.0.2.tgz 297ms (cache miss)
538 timing reifyNode:node_modules/hasown Completed in 358ms
539 http fetch GET 200 https://registry.npmjs.org/function-bind/-/function-bind-1.1.2.tgz 300ms (cache miss)
540 http fetch GET 200 https://registry.npmjs.org/side-channel/-/side-channel-1.0.6.tgz 294ms (cache miss)
541 http fetch GET 200 https://registry.npmjs.org/has-proto/-/has-proto-1.0.3.tgz 307ms (cache miss)
542 timing reifyNode:node_modules/has-proto Completed in 364ms
543 http fetch GET 200 https://registry.npmjs.org/has-property-descriptors/-/has-property-descriptors-1.0.2.tgz 313ms (cache miss)
544 timing reifyNode:node_modules/has-property-descriptors Completed in 368ms
545 http fetch GET 200 https://registry.npmjs.org/call-bind/-/call-bind-1.0.7.tgz 303ms (cache miss)
546 timing reifyNode:node_modules/side-channel Completed in 368ms
547 timing reifyNode:node_modules/call-bind Completed in 368ms
548 timing reifyNode:node_modules/function-bind Completed in 378ms
549 http fetch GET 200 https://registry.npmjs.org/mime/-/mime-1.6.0.tgz 312ms (cache miss)
550 timing reifyNode:node_modules/mime Completed in 379ms
551 http fetch GET 200 https://registry.npmjs.org/has-symbols/-/has-symbols-1.0.3.tgz 327ms (cache miss)
552 timing reifyNode:node_modules/has-symbols Completed in 405ms
553 http fetch GET 200 https://registry.npmjs.org/ipaddr.js/-/ipaddr.js-1.9.1.tgz 355ms (cache miss)
554 timing reifyNode:node_modules/ipaddr.js Completed in 426ms
555 http fetch GET 200 https://registry.npmjs.org/ee-first/-/ee-first-1.1.1.tgz 354ms (cache miss)
556 timing reifyNode:node_modules/ee-first Completed in 427ms
557 http fetch GET 200 https://registry.npmjs.org/forwarded/-/forwarded-0.2.0.tgz 354ms (cache miss)
558 timing reifyNode:node_modules/forwarded Completed in 427ms
559 http fetch GET 200 https://registry.npmjs.org/unpipe/-/unpipe-1.0.0.tgz 351ms (cache miss)
560 timing reifyNode:node_modules/unpipe Completed in 429ms
561 http fetch GET 200 https://registry.npmjs.org/es-define-property/-/es-define-property-1.0.0.tgz 358ms (cache miss)
562 timing reifyNode:node_modules/es-define-property Completed in 430ms
563 http fetch GET 200 https://registry.npmjs.org/inherits/-/inherits-2.0.4.tgz 356ms (cache miss)
564 timing reifyNode:node_modules/inherits Completed in 431ms
565 http fetch GET 200 https://registry.npmjs.org/ms/-/ms-2.0.0.tgz 353ms (cache miss)
566 timing reifyNode:node_modules/ms Completed in 431ms
567 http fetch GET 200 https://registry.npmjs.org/toidentifier/-/toidentifier-1.0.1.tgz 355ms (cache miss)
568 timing reifyNode:node_modules/toidentifier Completed in 432ms
569 http fetch GET 200 https://registry.npmjs.org/destroy/-/destroy-1.2.0.tgz 350ms (cache miss)
570 timing reifyNode:node_modules/destroy Completed in 433ms
571 http fetch GET 200 https://registry.npmjs.org/bytes/-/bytes-3.1.2.tgz 352ms (cache miss)
572 timing reifyNode:node_modules/bytes Completed in 434ms
573 http fetch GET 200 https://registry.npmjs.org/es-errors/-/es-errors-1.3.0.tgz 366ms (cache miss)
574 http fetch GET 200 https://registry.npmjs.org/raw-body/-/raw-body-2.5.2.tgz 354ms (cache miss)
575 timing reifyNode:node_modules/raw-body Completed in 436ms
576 timing reifyNode:node_modules/es-errors Completed in 436ms
577 http fetch GET 200 https://registry.npmjs.org/object-inspect/-/object-inspect-1.13.3.tgz 373ms (cache miss)
578 timing reifyNode:node_modules/object-inspect Completed in 437ms
579 http fetch GET 200 https://registry.npmjs.org/mime-db/-/mime-db-1.52.0.tgz 361ms (cache miss)
580 timing reifyNode:node_modules/mime-db Completed in 437ms
581 http fetch GET 200 https://registry.npmjs.org/vary/-/vary-1.1.2.tgz 379ms (cache miss)
582 timing reifyNode:node_modules/vary Completed in 463ms
583 http fetch GET 200 https://registry.npmjs.org/negotiator/-/negotiator-0.6.3.tgz 433ms (cache miss)
584 http fetch GET 200 https://registry.npmjs.org/mime-types/-/mime-types-2.1.35.tgz 429ms (cache miss)
585 timing reifyNode:node_modules/mime-types Completed in 522ms
586 http fetch GET 200 https://registry.npmjs.org/range-parser/-/range-parser-1.2.1.tgz 427ms (cache miss)
587 timing reifyNode:node_modules/range-parser Completed in 526ms
588 timing reifyNode:node_modules/negotiator Completed in 526ms
589 http fetch GET 200 https://registry.npmjs.org/type-is/-/type-is-1.6.18.tgz 436ms (cache miss)
590 timing reifyNode:node_modules/type-is Completed in 526ms
591 http fetch GET 200 https://registry.npmjs.org/statuses/-/statuses-2.0.1.tgz 433ms (cache miss)
592 timing reifyNode:node_modules/statuses Completed in 527ms
593 http fetch GET 200 https://registry.npmjs.org/setprototypeof/-/setprototypeof-1.2.0.tgz 431ms (cache miss)
594 timing reifyNode:node_modules/setprototypeof Completed in 527ms
595 http fetch GET 200 https://registry.npmjs.org/send/-/send-0.19.0.tgz 432ms (cache miss)
596 timing reifyNode:node_modules/send Completed in 529ms
597 http fetch GET 200 https://registry.npmjs.org/serve-static/-/serve-static-1.16.2.tgz 431ms (cache miss)
598 timing reifyNode:node_modules/serve-static Completed in 529ms
599 http fetch GET 200 https://registry.npmjs.org/utils-merge/-/utils-merge-1.0.1.tgz 435ms (cache miss)
600 timing reifyNode:node_modules/utils-merge Completed in 530ms
601 http fetch GET 200 https://registry.npmjs.org/safer-buffer/-/safer-buffer-2.1.2.tgz 457ms (cache miss)
602 timing reifyNode:node_modules/safer-buffer Completed in 531ms
603 http fetch GET 200 https://registry.npmjs.org/safe-buffer/-/safe-buffer-5.2.1.tgz 430ms (cache miss)
604 timing reifyNode:node_modules/safe-buffer Completed in 532ms
605 http fetch GET 200 https://registry.npmjs.org/path-to-regexp/-/path-to-regexp-0.1.10.tgz 433ms (cache miss)
606 timing reifyNode:node_modules/path-to-regexp Completed in 538ms
607 http fetch GET 200 https://registry.npmjs.org/qs/-/qs-6.13.0.tgz 442ms (cache miss)
608 timing reifyNode:node_modules/qs Completed in 543ms
609 http fetch GET 200 https://registry.npmjs.org/proxy-addr/-/proxy-addr-2.0.7.tgz 459ms (cache miss)
610 timing reifyNode:node_modules/proxy-addr Completed in 564ms
611 http fetch GET 200 https://registry.npmjs.org/encodeurl/-/encodeurl-2.0.0.tgz 537ms (cache miss)
612 timing reifyNode:node_modules/encodeurl Completed in 657ms
613 http fetch GET 200 https://registry.npmjs.org/parseurl/-/parseurl-1.3.3.tgz 551ms (cache miss)
614 timing reifyNode:node_modules/parseurl Completed in 659ms
615 http fetch GET 200 https://registry.npmjs.org/on-finished/-/on-finished-2.4.1.tgz 557ms (cache miss)
616 timing reifyNode:node_modules/on-finished Completed in 668ms
617 http fetch GET 200 https://registry.npmjs.org/fresh/-/fresh-0.5.2.tgz 557ms (cache miss)
618 timing reifyNode:node_modules/fresh Completed in 669ms
619 http fetch GET 200 https://registry.npmjs.org/methods/-/methods-1.1.2.tgz 565ms (cache miss)
620 timing reifyNode:node_modules/methods Completed in 672ms
621 http fetch GET 200 https://registry.npmjs.org/finalhandler/-/finalhandler-1.3.1.tgz 557ms (cache miss)
622 timing reifyNode:node_modules/finalhandler Completed in 673ms
623 http fetch GET 200 https://registry.npmjs.org/merge-descriptors/-/merge-descriptors-1.0.3.tgz 547ms (cache miss)
624 timing reifyNode:node_modules/merge-descriptors Completed in 674ms
625 http fetch GET 200 https://registry.npmjs.org/depd/-/depd-2.0.0.tgz 551ms (cache miss)
626 timing reifyNode:node_modules/depd Completed in 674ms
627 http fetch GET 200 https://registry.npmjs.org/cookie/-/cookie-0.7.1.tgz 536ms (cache miss)
628 timing reifyNode:node_modules/cookie Completed in 674ms
629 http fetch GET 200 https://registry.npmjs.org/etag/-/etag-1.8.1.tgz 558ms (cache miss)
630 timing reifyNode:node_modules/etag Completed in 677ms
631 http fetch GET 200 https://registry.npmjs.org/content-type/-/content-type-1.0.5.tgz 537ms (cache miss)
632 timing reifyNode:node_modules/content-type Completed in 678ms
633 http fetch GET 200 https://registry.npmjs.org/debug/-/debug-2.6.9.tgz 544ms (cache miss)
634 timing reifyNode:node_modules/debug Completed in 683ms
635 http fetch GET 200 https://registry.npmjs.org/content-disposition/-/content-disposition-0.5.4.tgz 545ms (cache miss)
636 timing reifyNode:node_modules/content-disposition Completed in 688ms
637 http fetch GET 200 https://registry.npmjs.org/body-parser/-/body-parser-1.20.3.tgz 549ms (cache miss)
638 timing reifyNode:node_modules/body-parser Completed in 692ms
639 http fetch GET 200 https://registry.npmjs.org/array-flatten/-/array-flatten-1.1.1.tgz 551ms (cache miss)
640 timing reifyNode:node_modules/array-flatten Completed in 695ms
641 http fetch GET 200 https://registry.npmjs.org/cookie-signature/-/cookie-signature-1.0.6.tgz 550ms (cache miss)
642 timing reifyNode:node_modules/cookie-signature Completed in 697ms
643 http fetch GET 200 https://registry.npmjs.org/iconv-lite/-/iconv-lite-0.4.24.tgz 627ms (cache miss)
644 timing reifyNode:node_modules/iconv-lite Completed in 707ms
645 http fetch GET 200 https://registry.npmjs.org/ms/-/ms-2.1.3.tgz 554ms (cache miss)
646 timing reifyNode:node_modules/send/node_modules/ms Completed in 710ms
647 http fetch GET 200 https://registry.npmjs.org/encodeurl/-/encodeurl-1.0.2.tgz 552ms (cache miss)
648 timing reifyNode:node_modules/send/node_modules/encodeurl Completed in 710ms
649 http fetch GET 200 https://registry.npmjs.org/express/-/express-4.21.1.tgz 566ms (cache miss)
650 timing reifyNode:node_modules/express Completed in 713ms
651 http fetch GET 200 https://registry.npmjs.org/accepts/-/accepts-1.3.8.tgz 571ms (cache miss)
652 timing reifyNode:node_modules/accepts Completed in 727ms
653 http fetch GET 200 https://registry.npmjs.org/http-errors/-/http-errors-2.0.0.tgz 769ms (cache miss)
654 timing reifyNode:node_modules/http-errors Completed in 879ms
655 http fetch GET 200 https://registry.npmjs.org/escape-html/-/escape-html-1.0.3.tgz 776ms (cache miss)
656 timing reifyNode:node_modules/escape-html Completed in 912ms
657 timing reify:unpack Completed in 914ms
658 timing reify:unretire Completed in 0ms
659 timing build:queue Completed in 3ms
660 timing build:link:node_modules/mime Completed in 4ms
661 timing build:link Completed in 4ms
662 timing build:deps Completed in 8ms
663 timing build Completed in 9ms
664 timing reify:build Completed in 9ms
665 timing reify:trash Completed in 0ms
666 timing reify:save Completed in 33ms
667 timing reify Completed in 141014ms
668 silly ADD node_modules/media-typer
669 silly ADD node_modules/has-property-descriptors
670 silly ADD node_modules/gopd
671 silly ADD node_modules/define-data-property
672 silly ADD node_modules/hasown
673 silly ADD node_modules/has-symbols
674 silly ADD node_modules/has-proto
675 silly ADD node_modules/set-function-length
676 silly ADD node_modules/function-bind
677 silly ADD node_modules/es-define-property
678 silly ADD node_modules/object-inspect
679 silly ADD node_modules/get-intrinsic
680 silly ADD node_modules/es-errors
681 silly ADD node_modules/call-bind
682 silly ADD node_modules/mime
683 silly ADD node_modules/side-channel
684 silly ADD node_modules/ipaddr.js
685 silly ADD node_modules/forwarded
686 silly ADD node_modules/ee-first
687 silly ADD node_modules/mime-db
688 silly ADD node_modules/safer-buffer
689 silly ADD node_modules/toidentifier
690 silly ADD node_modules/inherits
691 silly ADD node_modules/ms
692 silly ADD node_modules/unpipe
693 silly ADD node_modules/raw-body
694 silly ADD node_modules/iconv-lite
695 silly ADD node_modules/destroy
696 silly ADD node_modules/bytes
697 silly ADD node_modules/negotiator
698 silly ADD node_modules/mime-types
699 silly ADD node_modules/vary
700 silly ADD node_modules/utils-merge
701 silly ADD node_modules/type-is
702 silly ADD node_modules/statuses
703 silly ADD node_modules/setprototypeof
704 silly ADD node_modules/serve-static
705 silly ADD node_modules/send
706 silly ADD node_modules/send/node_modules/ms
707 silly ADD node_modules/send/node_modules/encodeurl
708 silly ADD node_modules/safe-buffer
709 silly ADD node_modules/range-parser
710 silly ADD node_modules/qs
711 silly ADD node_modules/proxy-addr
712 silly ADD node_modules/path-to-regexp
713 silly ADD node_modules/parseurl
714 silly ADD node_modules/on-finished
715 silly ADD node_modules/methods
716 silly ADD node_modules/merge-descriptors
717 silly ADD node_modules/http-errors
718 silly ADD node_modules/fresh
719 silly ADD node_modules/finalhandler
720 silly ADD node_modules/etag
721 silly ADD node_modules/escape-html
722 silly ADD node_modules/encodeurl
723 silly ADD node_modules/depd
724 silly ADD node_modules/debug
725 silly ADD node_modules/cookie-signature
726 silly ADD node_modules/cookie
727 silly ADD node_modules/content-type
728 silly ADD node_modules/content-disposition
729 silly ADD node_modules/body-parser
730 silly ADD node_modules/array-flatten
731 silly ADD node_modules/accepts
732 silly ADD node_modules/express
733 timing command:install Completed in 141027ms
734 timing npm Completed in 141351ms
735 info timing Timing info written to: /home/aleksei_gurianov/.npm/_logs/2024-11-09T13_37_57_921Z-timing.json
736 verbose cwd /home/aleksei_gurianov/ws/test-npm-issue
737 verbose os Linux 6.10.13-3-MANJARO
738 verbose node v20.18.0
739 verbose npm  v10.9.0
740 verbose exit 0
741 info ok
